open source     > 1 > 1 > /usr/share/texmf/tex/context/base/cont-yes.mkiv

ConTeXt  ver: 2015.05.18 12:26 MKIV current  fmt: 2017.11.28  int: english/english

system          > 'cont-new.mkiv' loaded
open source     > 2 > 2 > /usr/share/texmf/tex/context/base/cont-new.mkiv
close source    > 2 > 2 > /usr/share/texmf/tex/context/base/cont-new.mkiv
system          > files > jobname 'resume', input './resume', result 'resume'
fonts           > latin modern fonts are not preloaded
languages       > language 'en' is active
open source     > 2 > 3 > /root/pandoc_resume/resume.tex
colors          > defining > unknown library 'hex'
open source     > 3 > 4 > /usr/share/texmf/tex/context/base/type-imp-texgyre.mkiv
close source    > 3 > 4 > /usr/share/texmf/tex/context/base/type-imp-texgyre.mkiv
structure       > sectioning > section @ level 3 : 0.0.1 -> 王鹏
structure       > sectioning > subsection @ level 4 : 0.0.1.1 -> 个人信息
structure       > sectioning > subsection @ level 4 : 0.0.1.2 -> 教育背景
structure       > sectioning > subsection @ level 4 : 0.0.1.3 -> 工作经历
structure       > sectioning > subsection @ level 4 : 0.0.1.4 -> 项目经验

Overfull \hbox (6.16763pt too wide) in paragraph at lines 129--132
[][]\3>helvetica-11pt-ss-bf-0--0 2017.6-至今: IBM Ma-chine Learn-ing for zOS \3>helvetica-11pt-ss-tf-0--0 为数据科学家提供的一套基于SparkML的机器学习开发平台，包括数据导入，模型训练，部署，预测。 https://www.ibm.com/us-en/mar-ket-place/machine-

\hbox(8.217+2.398)x483.69687, glue set - 1.0, direction TLT
.\whatsit
..\localinterlinepenalty=0
..\localbrokenpenalty=0
..\localleftbox=null
..\localrightbox=null
.\hbox(0.0+0.0)x0.0, direction TLT
.\3>helvetica-11pt-ss-bf-0--0 2
.\3>helvetica-11pt-ss-bf-0--0 0
.\3>helvetica-11pt-ss-bf-0--0 1
.etc.

backend         > xmp > using file '/usr/share/texmf/tex/context/base/lpdf-pdx.xml'
pages           > flushing realpage 1, userpage 1
structure       > sectioning > subsection @ level 4 : 0.0.1.5 -> Technical Experience
structure       > sectioning > subsection @ level 4 : 0.0.1.6 -> Extra Section, Call it Whatever You Want
pages           > flushing realpage 2, userpage 2
pages           > flushing realpage 3, userpage 3
close source    > 2 > 4 > /root/pandoc_resume/resume.tex
close source    > 1 > 4 > /usr/share/texmf/tex/context/base/cont-yes.mkiv

system          > structure > start used structure

used structure  > text: resume

system          > structure > stop used structure


system          > files > start used files

used file       >    1: filename=cont-yes.mkiv filetype=tex foundname=/usr/share/texmf/tex/context/base/cont-yes.mkiv usedmethod=database
used file       >    2: filename=publ-imp-default.lua filetype=lua foundname=/usr/share/texmf/tex/context/base/publ-imp-default.lua usedmethod=database
used file       >    3: filename=cont-new.mkiv filetype=tex foundname=/usr/share/texmf/tex/context/base/cont-new.mkiv usedmethod=database
used file       >    4: filename=lang-us.lua filetype=lua foundname=/usr/share/texmf/tex/context/patterns/lang-us.lua usedmethod=database
used file       >    5: filename=/root/pandoc_resume/resume.tex foundname=/root/pandoc_resume/resume.tex usedmethod=direct
used file       >    6: filename=type-imp-texgyre.mkiv filetype=tex foundname=/usr/share/texmf/tex/context/base/type-imp-texgyre.mkiv usedmethod=database
used file       >    7: filename=lm.lfg filetype=tex foundname=/usr/share/texmf/tex/context/fonts/lm.lfg usedmethod=database
used file       >    8: filename=texgyreheros-regular filetype=otf format=otf foundname=/usr/share/texmf/fonts/opentype/public/tex-gyre/texgyreheros-regular.otf usedmethod=database
used file       >    9: filename=latinmodern-math.otf filetype=opentypefonts foundname=/usr/share/texmf/fonts/opentype/public/lm-math/latinmodern-math.otf usedmethod=database
used file       >   10: filename=texgyreheros-bold filetype=otf format=otf foundname=/usr/share/texmf/fonts/opentype/public/tex-gyre/texgyreheros-bold.otf usedmethod=database
used file       >   11: filename=lpdf-pdx.xml filetype=tex foundname=/usr/share/texmf/tex/context/base/lpdf-pdx.xml usedmethod=database

system          > files > stop used files


system          > options > start commandline options

used option     > currentrun="2"
used option     > fulljobname="./resume.tex"
used option     > input="./resume.tex"
used option     > kindofrun="2"
used option     > maxnofruns="9"
used option     > no-parse-first-line="true"

system          > options > stop commandline options

system          > options > start commandline files

used file       >    1: ./resume.tex

system          > options > stop commandline files


mkiv lua stats  > used config file: /usr/share/texmf/web2c/texmfcnf.lua;/usr/share/texlive/texmf-dist/web2c/texmfcnf.lua
mkiv lua stats  > used cache path: /var/lib/texmf/luatex-cache/context/b47c3d3cee7cb6c86268d0595268c442
mkiv lua stats  > resource resolver: loadtime 0.018 seconds, 0 scans with scantime 0.000 seconds, 0 shared scans, 11 found files, scanned paths: <none>
mkiv lua stats  > stored bytecode data: 371 modules (0.274 sec), 78 tables (0.009 sec), 449 chunks (0.283 sec)
mkiv lua stats  > traced context: maxstack: 1137, freed: 5, unreachable: 1132
mkiv lua stats  > running in nuts mode: yes
mkiv lua stats  > cleaned up reserved nodes: 53 nodes, 439 lists of 438
mkiv lua stats  > node memory usage: 2 glue, 3 penalty, 12 attribute, 52 glue_spec, 3 attribute_list, 2 temp
mkiv lua stats  > node list callback tasks: 6 unique task lists, 6 instances (re)created, 644 calls
mkiv lua stats  > h-node processing time: 0.016 seconds including kernel
mkiv lua stats  > used backend: pdf (backend for directly generating pdf output)
mkiv lua stats  > loaded patterns: en::2, load time: 0.000
mkiv lua stats  > jobdata time: 0.002 seconds saving, 0.001 seconds loading
mkiv lua stats  > callbacks: 1285 direct, 804 indirect, 2089 total
mkiv lua stats  > randomizer: resumed with value 0.40928649176345
mkiv lua stats  > interactive elements: 3 references, 18 destinations
mkiv lua stats  > result saved in file: resume.pdf, compresslevel 3, objectcompresslevel 3
mkiv lua stats  > loaded fonts: 3 files: latinmodern-math.otf, texgyreheros-bold.otf, texgyreheros-regular.otf
mkiv lua stats  > fonts load time: 0.197 seconds for 9 fonts, 4 shared in backend, 0 common vectors, 4 common hashes
mkiv lua stats  > pdf annotations: 3 links (3 unique), 0 special
mkiv lua stats  > used platform: linux-64, type: unix, binary subtree: usr
mkiv lua stats  > luatex banner: this is luatex, version beta-0.80.0 (tex live 2015/debian) (rev 5238)
mkiv lua stats  > control sequences: 43426 of 65536 + 100000
mkiv lua stats  > lua properties: engine: lua, used memory: 61 MB (ctx: 60 MB), hash type: lua, hash chars: min(64,40), symbol mask: utf (τεχ)
mkiv lua stats  > runtime: 0.688 seconds, 3 processed pages, 3 shipped pages, 4.360 pages/second

